Using pre-set license
Built from '2020.2/release' branch; Version is '2020.2.2f1 (068178b99f32) revision 426360'; Using compiler version '192528614'; Build Type 'Release'
OS: 'Windows 10 Pro; OS build 18363.1316; Version 1909; 64bit' Language: 'en' Physical Memory: 16315 MB
BatchMode: 1, IsHumanControllingUs: 0, StartBugReporterOnCrash: 0, Is64bit: 1, IsPro: 0

 COMMAND LINE ARGUMENTS:
C:\Program Files\Unity\Hub\Editor\2020.2.2f1\Editor\Unity.exe
-adb2
-batchMode
-noUpm
-name
AssetImportWorker0
-projectPath
C:/WhackamoleRR/Whack
-logFile
Logs/AssetImportWorker0.log
-srvPort
54413
Successfully changed project path to: C:/WhackamoleRR/Whack
C:/WhackamoleRR/Whack
Using Asset Import Pipeline V2.
Refreshing native plugins compatible for Editor in 19.94 ms, found 0 plugins.
Preloading 0 native plugins for Editor in 0.00 ms.
Initialize engine version: 2020.2.2f1 (068178b99f32)
[Subsystems] Discovering subsystems at path C:/Program Files/Unity/Hub/Editor/2020.2.2f1/Editor/Data/Resources/UnitySubsystems
[Subsystems] Discovering subsystems at path C:/WhackamoleRR/Whack/Assets
GfxDevice: creating device client; threaded=0
Direct3D:
    Version:  Direct3D 11.0 [level 11.1]
    Renderer: AMD Radeon RX 5700 XT (ID=0x731f)
    Vendor:   
    VRAM:     8152 MB
    Driver:   27.20.14501.18003
Initialize mono
Mono path[0] = 'C:/Program Files/Unity/Hub/Editor/2020.2.2f1/Editor/Data/Managed'
Mono path[1] = 'C:/Program Files/Unity/Hub/Editor/2020.2.2f1/Editor/Data/MonoBleedingEdge/lib/mono/unityjit'
Mono config path = 'C:/Program Files/Unity/Hub/Editor/2020.2.2f1/Editor/Data/MonoBleedingEdge/etc'
Using monoOptions --debugger-agent=transport=dt_socket,embedding=1,server=y,suspend=n,address=127.0.0.1:56648
Begin MonoManager ReloadAssembly
Registering precompiled unity dll's ...
Register platform support module: C:/Program Files/Unity/Hub/Editor/2020.2.2f1/Editor/Data/PlaybackEngines/WindowsStandaloneSupport/UnityEditor.WindowsStandalone.Extensions.dll
Registered in 0.001451 seconds.
Native extension for WindowsStandalone target not found
Refreshing native plugins compatible for Editor in 20.05 ms, found 0 plugins.
Preloading 0 native plugins for Editor in 0.00 ms.
Invoked RoslynAnalysisRunner static constructor.
RoslynAnalysisRunner will not be running.
RoslynAnalysisRunner has terminated.
Mono: successfully reloaded assembly
- Completed reload, in  0.812 seconds
Platform modules already initialized, skipping
Registering precompiled user dll's ...
Registered in 0.000485 seconds.
Begin MonoManager ReloadAssembly
Native extension for WindowsStandalone target not found
Refreshing native plugins compatible for Editor in 0.25 ms, found 0 plugins.
Preloading 0 native plugins for Editor in 0.00 ms.
Invoked RoslynAnalysisRunner static constructor.
RoslynAnalysisRunner will not be running.
RoslynAnalysisRunner has terminated.
Mono: successfully reloaded assembly
- Completed reload, in  0.677 seconds
Platform modules already initialized, skipping
========================================================================
Worker process is ready to serve import requests
Launched and connected shader compiler UnityShaderCompiler.exe after 0.04 seconds
Refreshing native plugins compatible for Editor in 0.25 ms, found 0 plugins.
Preloading 0 native plugins for Editor in 0.00 ms.
Unloading 1099 Unused Serialized files (Serialized files now loaded: 0)
System memory in use before: 56.6 MB.
System memory in use after: 56.7 MB.

Unloading 10 unused Assets to reduce memory usage. Loaded Objects now: 1540.
Total: 1.873900 ms (FindLiveObjects: 0.179700 ms CreateObjectMapping: 0.040300 ms MarkObjects: 1.569900 ms  DeleteObjects: 0.083000 ms)

========================================================================
Received Import Request.
  path: Assets/New Material.mat
  artifactKey: Guid(839c6a86563eacb4fb96c54e8368d625) Importer(815301076,1909f56bfc062723c751e8b465ee728b)
Start importing Assets/New Material.mat using Guid(839c6a86563eacb4fb96c54e8368d625) Importer(815301076,1909f56bfc062723c751e8b465ee728b)  -> (artifact id: 'bba2273293ccc4c913f4c96f5b099316') in 0.102097 seconds
  Import took 0.103984 seconds .

========================================================================
Received Import Request.
  Time since last request: 0.000182 seconds.
  path: Assets/New Material 1.mat
  artifactKey: Guid(3c7debc6f093d8c41a228cdee1dd9469) Importer(815301076,1909f56bfc062723c751e8b465ee728b)
Start importing Assets/New Material 1.mat using Guid(3c7debc6f093d8c41a228cdee1dd9469) Importer(815301076,1909f56bfc062723c751e8b465ee728b)  -> (artifact id: '190b03d417b191864de5de5edf91256e') in 0.021913 seconds
  Import took 0.023920 seconds .

========================================================================
Received Import Request.
  Time since last request: 54.324118 seconds.
  path: Assets/Scenes/New Folder
  artifactKey: Guid(5b3449bfccd11a440aa133a3ead9e558) Importer(815301076,1909f56bfc062723c751e8b465ee728b)
Start importing Assets/Scenes/New Folder using Guid(5b3449bfccd11a440aa133a3ead9e558) Importer(815301076,1909f56bfc062723c751e8b465ee728b)  -> (artifact id: 'cbbc75530839f2fb98fb6b7a1f80e2ce') in 0.006210 seconds
  Import took 0.008224 seconds .

========================================================================
Received Import Request.
  Time since last request: 0.004137 seconds.
  path: Assets/Scenes/New Folder
  artifactKey: Guid(5b3449bfccd11a440aa133a3ead9e558) Importer(815301076,1909f56bfc062723c751e8b465ee728b)
Start importing Assets/Scenes/New Folder using Guid(5b3449bfccd11a440aa133a3ead9e558) Importer(815301076,1909f56bfc062723c751e8b465ee728b)  -> (artifact id: 'cbbc75530839f2fb98fb6b7a1f80e2ce') in 0.002990 seconds
  Import took 0.005094 seconds .

========================================================================
Received Import Request.
  Time since last request: 8.941218 seconds.
  path: Assets/Scripts
  artifactKey: Guid(ebdca7edfe126b14a8c78c88f023f86d) Importer(815301076,1909f56bfc062723c751e8b465ee728b)
Start importing Assets/Scripts using Guid(ebdca7edfe126b14a8c78c88f023f86d) Importer(815301076,1909f56bfc062723c751e8b465ee728b)  -> (artifact id: '1ba465e681ae0e0d553bddab54b56ae5') in 0.006543 seconds
  Import took 0.008754 seconds .

========================================================================
Received Import Request.
  Time since last request: 0.000328 seconds.
  path: Assets/Scripts
  artifactKey: Guid(ebdca7edfe126b14a8c78c88f023f86d) Importer(815301076,1909f56bfc062723c751e8b465ee728b)
Start importing Assets/Scripts using Guid(ebdca7edfe126b14a8c78c88f023f86d) Importer(815301076,1909f56bfc062723c751e8b465ee728b)  -> (artifact id: '1ba465e681ae0e0d553bddab54b56ae5') in 0.003032 seconds
  Import took 0.004924 seconds .

========================================================================
Received Import Request.
  Time since last request: 11.906420 seconds.
  path: Assets/prefabs
  artifactKey: Guid(f667a60fb824c0b4ba4cd50f0104a869) Importer(815301076,1909f56bfc062723c751e8b465ee728b)
Start importing Assets/prefabs using Guid(f667a60fb824c0b4ba4cd50f0104a869) Importer(815301076,1909f56bfc062723c751e8b465ee728b)  -> (artifact id: '2d36734c1e15a97d703bd9d68e9af89d') in 0.006584 seconds
  Import took 0.008851 seconds .

========================================================================
Received Import Request.
  Time since last request: 0.000402 seconds.
  path: Assets/prefabs
  artifactKey: Guid(f667a60fb824c0b4ba4cd50f0104a869) Importer(815301076,1909f56bfc062723c751e8b465ee728b)
Start importing Assets/prefabs using Guid(f667a60fb824c0b4ba4cd50f0104a869) Importer(815301076,1909f56bfc062723c751e8b465ee728b)  -> (artifact id: '2d36734c1e15a97d703bd9d68e9af89d') in 0.002850 seconds
  Import took 0.004664 seconds .

AssetImportWorkerClient::OnTransportError - code=2 error=End of file
